======================================================================
STAGE 2: MULTIVARIATE COX SURVIVAL ANALYSIS
======================================================================

[STEP 1] Loading expression data...
  Loaded 1635 samples

[STEP 2] Loading TCGA clinical data...
  Clinical data not found. Attempting to download from GDC...
  NOTE: If this fails, please download manually:
    1. Go to https://portal.gdc.cancer.gov/
    2. Select TCGA-LUAD, TCGA-LUSC, TCGA-SKCM
    3. Download clinical data
    4. Save to: data/tcga_clinical_merged.csv
  ERROR: Could not download clinical data: No module named 'rpy2'

  Using FALLBACK: Will generate realistic survival simulation
  NOTE: For publication, you MUST replace with real clinical data!

  WARNING: Using simulated survival data!
  This MUST be replaced with real TCGA clinical data before publication!
Traceback (most recent call last):
  File "/home/thc1006/dev/p62-pdl1-llps-starter/scripts/excellence_upgrade/stage2_multivariate_cox.py", line 65, in load_tcga_clinical
    import rpy2.robjects as ro
ModuleNotFoundError: No module named 'rpy2'

During handling of the above exception, another exception occurred:

Traceback (most recent call last):
  File "/home/thc1006/dev/p62-pdl1-llps-starter/venv/lib/python3.13/site-packages/pandas/core/indexes/base.py", line 3812, in get_loc
    return self._engine.get_loc(casted_key)
           ~~~~~~~~~~~~~~~~~~~~^^^^^^^^^^^^
  File "pandas/_libs/index.pyx", line 167, in pandas._libs.index.IndexEngine.get_loc
  File "pandas/_libs/index.pyx", line 196, in pandas._libs.index.IndexEngine.get_loc
  File "pandas/_libs/hashtable_class_helper.pxi", line 7088, in pandas._libs.hashtable.PyObjectHashTable.get_item
  File "pandas/_libs/hashtable_class_helper.pxi", line 7096, in pandas._libs.hashtable.PyObjectHashTable.get_item
KeyError: 'CD274'

The above exception was the direct cause of the following exception:

Traceback (most recent call last):
  File "/home/thc1006/dev/p62-pdl1-llps-starter/scripts/excellence_upgrade/stage2_multivariate_cox.py", line 170, in <module>
    clinical_df = load_tcga_clinical()
  File "/home/thc1006/dev/p62-pdl1-llps-starter/scripts/excellence_upgrade/stage2_multivariate_cox.py", line 101, in load_tcga_clinical
    return generate_realistic_survival_simulation(expr_df)
  File "/home/thc1006/dev/p62-pdl1-llps-starter/scripts/excellence_upgrade/stage2_multivariate_cox.py", line 138, in generate_realistic_survival_simulation
    cd274_z = (expr_df['CD274'] - expr_df['CD274'].mean()) / expr_df['CD274'].std()
               ~~~~~~~^^^^^^^^^
  File "/home/thc1006/dev/p62-pdl1-llps-starter/venv/lib/python3.13/site-packages/pandas/core/frame.py", line 4113, in __getitem__
    indexer = self.columns.get_loc(key)
  File "/home/thc1006/dev/p62-pdl1-llps-starter/venv/lib/python3.13/site-packages/pandas/core/indexes/base.py", line 3819, in get_loc
    raise KeyError(key) from err
KeyError: 'CD274'
