======================================================================
STAGE 2 v2: STRATIFIED MULTIVARIATE COX ANALYSIS
======================================================================

 FIXES:
  - Stratified Cox by cancer type (avoids baseline hazard violation)
  - Schoenfeld residuals test for proportional hazards
  - VIF analysis for multicollinearity
  - Per-cancer Cox models + meta-analysis
======================================================================

[STEP 1] Loading data...
  Expression: 1635 samples
   WARNING: Using simulated clinical data
  MUST replace with real TCGA clinical before publication!
Traceback (most recent call last):
  File "/home/thc1006/dev/p62-pdl1-llps-starter/venv/lib/python3.13/site-packages/pandas/core/indexes/base.py", line 3812, in get_loc
    return self._engine.get_loc(casted_key)
           ~~~~~~~~~~~~~~~~~~~~^^^^^^^^^^^^
  File "pandas/_libs/index.pyx", line 167, in pandas._libs.index.IndexEngine.get_loc
  File "pandas/_libs/index.pyx", line 196, in pandas._libs.index.IndexEngine.get_loc
  File "pandas/_libs/hashtable_class_helper.pxi", line 7088, in pandas._libs.hashtable.PyObjectHashTable.get_item
  File "pandas/_libs/hashtable_class_helper.pxi", line 7096, in pandas._libs.hashtable.PyObjectHashTable.get_item
KeyError: 'CD274'

The above exception was the direct cause of the following exception:

Traceback (most recent call last):
  File "/home/thc1006/dev/p62-pdl1-llps-starter/scripts/excellence_upgrade/stage2_v2_stratified_cox.py", line 95, in <module>
    clinical_df = load_or_generate_clinical(expr_df)
  File "/home/thc1006/dev/p62-pdl1-llps-starter/scripts/excellence_upgrade/stage2_v2_stratified_cox.py", line 75, in load_or_generate_clinical
    cd274_z = (expr_df['CD274'] - expr_df['CD274'].mean()) / expr_df['CD274'].std()
               ~~~~~~~^^^^^^^^^
  File "/home/thc1006/dev/p62-pdl1-llps-starter/venv/lib/python3.13/site-packages/pandas/core/frame.py", line 4113, in __getitem__
    indexer = self.columns.get_loc(key)
  File "/home/thc1006/dev/p62-pdl1-llps-starter/venv/lib/python3.13/site-packages/pandas/core/indexes/base.py", line 3819, in get_loc
    raise KeyError(key) from err
KeyError: 'CD274'
